<?xml version="1.0" encoding="UTF-8"?>
<!-- Generated by org.testng.reporters.JUnitXMLReporter -->
<testsuite ignored="7" hostname="MacBookPro" failures="0" tests="1" name="Default test" time="15.581" errors="0" timestamp="2026-04-07T13:42:09 EDT">
  <testcase classname="testSuite.LoginTest" name="verifyInvalidLoginErrorMsg" time="1.703"/>
  <testcase classname="testSuite.LoginTest" name="testInvalidLogin" time="0.0">
    <ignored/>
  </testcase> <!-- testInvalidLogin -->
  <testcase classname="testSuite.LoginTest" name="verifyLoginButtonEnable" time="0.0">
    <ignored/>
  </testcase> <!-- verifyLoginButtonEnable -->
  <testcase classname="testSuite.LoginTest" name="testinvalidPassword" time="0.0">
    <ignored/>
  </testcase> <!-- testinvalidPassword -->
  <testcase classname="testSuite.LoginTest" name="verifyLoginPerformance" time="0.0">
    <ignored/>
  </testcase> <!-- verifyLoginPerformance -->
  <testcase classname="testSuite.LoginTest" name="testinvalidUsername" time="0.0">
    <ignored/>
  </testcase> <!-- testinvalidUsername -->
  <testcase classname="testSuite.LoginTest" name="testValidLogin" time="0.0">
    <ignored/>
  </testcase> <!-- testValidLogin -->
  <testcase classname="testSuite.LoginTest" name="verifyPasswordIsMasked" time="0.0">
    <ignored/>
  </testcase> <!-- verifyPasswordIsMasked -->
</testsuite> <!-- Default test -->
