<?xml version="1.0" encoding="UTF-8"?>
<!-- Generated by org.testng.reporters.JUnitXMLReporter -->
<testsuite ignored="3" hostname="MacBookPro" failures="0" tests="1" name="Default test" time="17.544" errors="0" timestamp="2026-04-10T14:06:31 EDT">
  <testcase classname="testSuite.QueueTest" name="testPracticeQuestionsLink" time="1.26"/>
  <testcase classname="testSuite.QueueTest" name="testInvalidCodeInPythonEditor" time="0.0">
    <ignored/>
  </testcase> <!-- testInvalidCodeInPythonEditor -->
  <testcase classname="testSuite.QueueTest" name="testValidCodeInPythonEditor" time="0.0">
    <ignored/>
  </testcase> <!-- testValidCodeInPythonEditor -->
  <testcase classname="testSuite.QueueTest" name="testQueueTopics" time="0.0">
    <ignored/>
  </testcase> <!-- testQueueTopics -->
</testsuite> <!-- Default test -->
