<?xml version="1.0" encoding="UTF-8"?>
<!-- Generated by org.testng.reporters.JUnitXMLReporter -->
<testsuite ignored="0" hostname="MacBookPro" failures="1" tests="8" name="ChromeTests" time="100.72" errors="0" timestamp="2026-04-08T22:36:33 EDT">
  <testcase classname="testSuite.LoginTest" name="testValidLogin" time="3.134"/>
  <testcase classname="testSuite.LoginTest" name="testInvalidLogin" time="1.895"/>
  <testcase classname="testSuite.LoginTest" name="testinvalidUsername" time="2.025"/>
  <testcase classname="testSuite.LoginTest" name="testinvalidPassword" time="1.807"/>
  <testcase classname="testSuite.LoginTest" name="verifyLoginPerformance" time="2.948"/>
  <testcase classname="testSuite.LoginTest" name="verifyLoginButtonEnable" time="1.069"/>
  <testcase classname="testSuite.LoginTest" name="verifyPasswordIsMasked" time="0.766"/>
  <testcase classname="testSuite.LoginTest" name="verifyInvalidLoginErrorMsg" time="1.884">
    <failure type="java.lang.AssertionError" message="expected [false] but found [true]">
      <![CDATA[java.lang.AssertionError: expected [false] but found [true]
at testSuite.LoginTest.verifyInvalidLoginErrorMsg(LoginTest.java:106)
at java.base/java.util.ArrayList.forEach(ArrayList.java:1597)
at java.base/java.util.concurrent.FutureTask.run(FutureTask.java:317)
at java.base/java.util.concurrent.ThreadPoolExecutor.runWorker(ThreadPoolExecutor.java:1144)
at java.base/java.util.concurrent.ThreadPoolExecutor$Worker.run(ThreadPoolExecutor.java:642)
at java.base/java.lang.Thread.run(Thread.java:1570)
... Removed 19 stack frames]]>
    </failure>
  </testcase> <!-- verifyInvalidLoginErrorMsg -->
</testsuite> <!-- ChromeTests -->
