<?xml version="1.0" encoding="UTF-8"?>
<testng-results ignored="0" total="1" passed="1" failed="0" skipped="0">
  <reporter-output>
  </reporter-output>
  <suite started-at="2026-04-07T14:30:15 CDT" name="Default suite" finished-at="2026-04-07T14:30:18 CDT" duration-ms="3405">
    <groups>
    </groups>
    <test started-at="2026-04-07T14:30:15 CDT" name="Default test" finished-at="2026-04-07T14:30:18 CDT" duration-ms="3405">
      <class name="testSuite.LoginTest">
        <test-method is-config="true" signature="setup()[pri:0, instance:testSuite.LoginTest@6dc17b83]" started-at="2026-04-07T14:30:15 CDT" name="setup" finished-at="2026-04-07T14:30:18 CDT" duration-ms="3280" status="PASS">
          <reporter-output>
          </reporter-output>
        </test-method> <!-- setup -->
        <test-method signature="testValidLogin()[pri:0, instance:testSuite.LoginTest@6dc17b83]" started-at="2026-04-07T14:30:18 CDT" name="testValidLogin" finished-at="2026-04-07T14:30:18 CDT" duration-ms="8" status="PASS">
          <reporter-output>
          </reporter-output>
        </test-method> <!-- testValidLogin -->
        <test-method is-config="true" signature="tearDown()[pri:0, instance:testSuite.LoginTest@6dc17b83]" started-at="2026-04-07T14:30:18 CDT" name="tearDown" finished-at="2026-04-07T14:30:18 CDT" duration-ms="94" status="PASS">
          <reporter-output>
          </reporter-output>
        </test-method> <!-- tearDown -->
      </class> <!-- testSuite.LoginTest -->
    </test> <!-- Default test -->
  </suite> <!-- Default suite -->
</testng-results>
