<?xml version="1.0" encoding="UTF-8"?>
<testng-results ignored="0" total="1" passed="1" failed="0" skipped="0">
  <reporter-output>
  </reporter-output>

  <suite started-at="2026-04-04T16:33:57 EDT" name="Default suite" finished-at="2026-04-04T16:34:06 EDT" duration-ms="9033">
    <groups>
    </groups>
    <test started-at="2026-04-04T16:33:57 EDT" name="Default test" finished-at="2026-04-04T16:34:06 EDT" duration-ms="9033">
      <class name="testSuite.LoginTest">
        <test-method is-config="true" signature="setup()[pri:0, instance:testSuite.LoginTest@1c5920df]" started-at="2026-04-04T16:33:57 EDT" name="setup" finished-at="2026-04-04T16:34:05 EDT" duration-ms="8337" status="PASS">
          <reporter-output>
          </reporter-output>
        </test-method> <!-- setup -->
        <test-method signature="testValidLogin()[pri:0, instance:testSuite.LoginTest@1c5920df]" started-at="2026-04-04T16:34:05 EDT" name="testValidLogin" finished-at="2026-04-04T16:34:05 EDT" duration-ms="33" status="PASS">
          <reporter-output>
          </reporter-output>
        </test-method> <!-- testValidLogin -->
        <test-method is-config="true" signature="tearDown()[pri:0, instance:testSuite.LoginTest@1c5920df]" started-at="2026-04-04T16:34:05 EDT" name="tearDown" finished-at="2026-04-04T16:34:06 EDT" duration-ms="597" status="PASS">
          <reporter-output>
          </reporter-output>
        </test-method> <!-- tearDown -->
      </class> <!-- testSuite.LoginTest -->

    </test> <!-- Default test -->
  </suite> <!-- Default suite -->
</testng-results>
