<?xml version="1.0" encoding="UTF-8"?>
<!-- Generated by org.testng.reporters.JUnitReportReporter -->
<testsuite hostname="MacBookPro" failures="1" tests="8" name="testSuite.LoginTest" time="99.338" errors="0" timestamp="2026-04-08T22:36:33 EDT" skipped="0">
  <testcase classname="testSuite.LoginTest" name="testValidLogin" time="15.179"/>
  <testcase classname="testSuite.LoginTest" name="testInvalidLogin" time="12.159"/>
  <testcase classname="testSuite.LoginTest" name="testinvalidUsername" time="12.227"/>
  <testcase classname="testSuite.LoginTest" name="testinvalidPassword" time="12.001"/>
  <testcase classname="testSuite.LoginTest" name="verifyLoginPerformance" time="13.173"/>
  <testcase classname="testSuite.LoginTest" name="verifyLoginButtonEnable" time="11.403"/>
  <testcase classname="testSuite.LoginTest" name="verifyPasswordIsMasked" time="11.132"/>
  <testcase classname="testSuite.LoginTest" name="verifyInvalidLoginErrorMsg" time="12.064">
    <failure message="expected [false] but found [true]" type="java.lang.AssertionError">
      <![CDATA[java.lang.AssertionError: expected [false] but found [true]
at org.testng.Assert.fail(Assert.java:111)
at org.testng.Assert.failNotEquals(Assert.java:1590)
at org.testng.Assert.assertFalse(Assert.java:79)
at org.testng.Assert.assertFalse(Assert.java:89)
at testSuite.LoginTest.verifyInvalidLoginErrorMsg(LoginTest.java:106)
at java.base/jdk.internal.reflect.DirectMethodHandleAccessor.invoke(DirectMethodHandleAccessor.java:103)
at java.base/java.lang.reflect.Method.invoke(Method.java:580)
at org.testng.internal.invokers.MethodInvocationHelper.invokeMethod(MethodInvocationHelper.java:141)
at org.testng.internal.invokers.TestInvoker.invokeMethod(TestInvoker.java:687)
at org.testng.internal.invokers.TestInvoker.invokeTestMethod(TestInvoker.java:230)
at org.testng.internal.invokers.MethodRunner.runInSequence(MethodRunner.java:63)
at org.testng.internal.invokers.TestInvoker$MethodInvocationAgent.invoke(TestInvoker.java:995)
at org.testng.internal.invokers.TestInvoker.invokeTestMethods(TestInvoker.java:203)
at org.testng.internal.invokers.TestMethodWorker.invokeTestMethods(TestMethodWorker.java:154)
at org.testng.internal.invokers.TestMethodWorker.run(TestMethodWorker.java:134)
at java.base/java.util.ArrayList.forEach(ArrayList.java:1597)
at org.testng.TestRunner.privateRun(TestRunner.java:741)
at org.testng.TestRunner.run(TestRunner.java:616)
at org.testng.SuiteRunner.runTest(SuiteRunner.java:421)
at org.testng.SuiteRunner$SuiteWorker.run(SuiteRunner.java:463)
at org.testng.internal.thread.ThreadUtil.lambda$execute$0(ThreadUtil.java:64)
at java.base/java.util.concurrent.FutureTask.run(FutureTask.java:317)
at java.base/java.util.concurrent.ThreadPoolExecutor.runWorker(ThreadPoolExecutor.java:1144)
at java.base/java.util.concurrent.ThreadPoolExecutor$Worker.run(ThreadPoolExecutor.java:642)
at java.base/java.lang.Thread.run(Thread.java:1570)
]]>
    </failure>
  </testcase> <!-- verifyInvalidLoginErrorMsg -->
</testsuite> <!-- testSuite.LoginTest -->
